<?xml version="1.0" encoding="UTF-8"?>
<!-- Generated by org.testng.reporters.JUnitXMLReporter -->
<testsuite ignored="0" hostname="DESKTOP-A3LSORJ" failures="0" tests="12" name="Automation" time="389.793" errors="0" timestamp="2024-10-14T18:37:21 BDT">
  <testcase classname="testcases.TestLoginPage" name="test_login_with_invalid_credentials" time="9.025"/>
  <testcase classname="testcases.TestLoginPage" name="test_login_with_invalid_credentials" time="1.301"/>
  <testcase classname="testcases.TestLoginPage" name="test_login_with_invalid_credentials" time="0.395"/>
  <testcase classname="testcases.TestLoginPage" name="test_login_with_invalid_email" time="0.42"/>
  <testcase classname="testcases.TestLoginPage" name="test_login_with_invalid_email_password" time="0.803"/>
  <testcase classname="testcases.TestLoginPage" name="test_login_with_invalid_password" time="2.672"/>
  <testcase classname="testcases.TestLoginPage" name="test_login_with_valid_credentials" time="23.499"/>
  <testcase classname="testcases.TestLoginPage" name="test_login_with_without_credentials" time="1.021"/>
  <testcase classname="testcases.TestLoginPage" name="test_login_with_without_email" time="1.04"/>
  <testcase classname="testcases.TestLoginPage" name="test_login_with_without_password" time="0.677"/>
  <testcase classname="testcases.TestLoginPage" name="test_login_with_wrong_credentials" time="2.116"/>
  <testcase classname="testcases.TestLoginPage" name="test_login_with_wrong_email" time="3.17"/>
</testsuite> <!-- Automation -->
