<?xml version="1.0" encoding="UTF-8"?>
<testsuite xmlns:xsi="http://www.w3.org/2001/XMLSchema-instance" xsi:noNamespaceSchemaLocation="https://maven.apache.org/surefire/maven-surefire-plugin/xsd/surefire-test-report.xsd" version="3.0.2" name="TestSuite" time="394.272" tests="12" errors="0" skipped="0" failures="0">
  <properties>
[...]
</properties>
  <testcase name="test_login_with_invalid_credentials[mamun01@yopmai.com, mamun123, Your email or password is incorrect!, , ](1)" classname="testcases.TestLoginPage" time="9.028">
    <system-err><![CDATA[SLF4J: Failed to load class "org.slf4j.impl.StaticLoggerBinder".
SLF4J: Defaulting to no-operation (NOP) logger implementation
SLF4J: See http://www.slf4j.org/codes.html#StaticLoggerBinder for further details.
Oct 14, 2024 6:32:18 PM org.openqa.selenium.devtools.CdpVersionFinder findNearestMatch
WARNING: Unable to find an exact match for CDP version 129, returning the closest version; found: 126; Please update to a Selenium version that supports CDP version 129
]]></system-err>
  </testcase>
  <testcase name="test_login_with_invalid_credentials[mamun01.com, mamun12, , Please include an &apos;@&apos; in the email address. &apos;mamun01.com&apos; is missing an &apos;@&apos;., ](2)" classname="testcases.TestLoginPage" time="1.3">
    <system-err><![CDATA[Oct 14, 2024 6:33:03 PM org.openqa.selenium.devtools.CdpVersionFinder findNearestMatch
WARNING: Unable to find an exact match for CDP version 129, returning the closest version; found: 126; Please update to a Selenium version that supports CDP version 129
]]></system-err>
  </testcase>
  <testcase name="test_login_with_invalid_credentials[, mamun12, , Please fill out this field., ](3)" classname="testcases.TestLoginPage" time="0.395">
    <system-err><![CDATA[Oct 14, 2024 6:33:24 PM org.openqa.selenium.devtools.CdpVersionFinder findNearestMatch
WARNING: Unable to find an exact match for CDP version 129, returning the closest version; found: 126; Please update to a Selenium version that supports CDP version 129
]]></system-err>
  </testcase>
  <testcase name="test_login_with_invalid_email" classname="testcases.TestLoginPage" time="0.417">
    <system-err><![CDATA[Oct 14, 2024 6:33:43 PM org.openqa.selenium.devtools.CdpVersionFinder findNearestMatch
WARNING: Unable to find an exact match for CDP version 129, returning the closest version; found: 126; Please update to a Selenium version that supports CDP version 129
]]></system-err>
  </testcase>
  <testcase name="test_login_with_invalid_email_password" classname="testcases.TestLoginPage" time="0.802">
    <system-err><![CDATA[Oct 14, 2024 6:34:01 PM org.openqa.selenium.devtools.CdpVersionFinder findNearestMatch
WARNING: Unable to find an exact match for CDP version 129, returning the closest version; found: 126; Please update to a Selenium version that supports CDP version 129
]]></system-err>
  </testcase>
  <testcase name="test_login_with_invalid_password" classname="testcases.TestLoginPage" time="2.671">
    <system-err><![CDATA[Oct 14, 2024 6:34:19 PM org.openqa.selenium.devtools.CdpVersionFinder findNearestMatch
WARNING: Unable to find an exact match for CDP version 129, returning the closest version; found: 126; Please update to a Selenium version that supports CDP version 129
]]></system-err>
  </testcase>
  <testcase name="test_login_with_valid_credentials" classname="testcases.TestLoginPage" time="23.561">
    <system-err><![CDATA[Oct 14, 2024 6:34:43 PM org.openqa.selenium.devtools.CdpVersionFinder findNearestMatch
WARNING: Unable to find an exact match for CDP version 129, returning the closest version; found: 126; Please update to a Selenium version that supports CDP version 129
]]></system-err>
  </testcase>
  <testcase name="test_login_with_without_credentials" classname="testcases.TestLoginPage" time="1.106">
    <system-err><![CDATA[Oct 14, 2024 6:35:39 PM org.openqa.selenium.devtools.CdpVersionFinder findNearestMatch
WARNING: Unable to find an exact match for CDP version 129, returning the closest version; found: 126; Please update to a Selenium version that supports CDP version 129
]]></system-err>
  </testcase>
  <testcase name="test_login_with_without_email" classname="testcases.TestLoginPage" time="1.099">
    <system-err><![CDATA[Oct 14, 2024 6:35:58 PM org.openqa.selenium.devtools.CdpVersionFinder findNearestMatch
WARNING: Unable to find an exact match for CDP version 129, returning the closest version; found: 126; Please update to a Selenium version that supports CDP version 129
]]></system-err>
  </testcase>
  <testcase name="test_login_with_without_password" classname="testcases.TestLoginPage" time="0.766">
    <system-err><![CDATA[Oct 14, 2024 6:36:19 PM org.openqa.selenium.devtools.CdpVersionFinder findNearestMatch
WARNING: Unable to find an exact match for CDP version 129, returning the closest version; found: 126; Please update to a Selenium version that supports CDP version 129
]]></system-err>
  </testcase>
  <testcase name="test_login_with_wrong_credentials" classname="testcases.TestLoginPage" time="2.145">
    <system-err><![CDATA[Oct 14, 2024 6:36:38 PM org.openqa.selenium.devtools.CdpVersionFinder findNearestMatch
WARNING: Unable to find an exact match for CDP version 129, returning the closest version; found: 126; Please update to a Selenium version that supports CDP version 129
]]></system-err>
  </testcase>
  <testcase name="test_login_with_wrong_email" classname="testcases.TestLoginPage" time="3.226">
    <system-err><![CDATA[Oct 14, 2024 6:36:55 PM org.openqa.selenium.devtools.CdpVersionFinder findNearestMatch
WARNING: Unable to find an exact match for CDP version 129, returning the closest version; found: 126; Please update to a Selenium version that supports CDP version 129
]]></system-err>
  </testcase>
</testsuite>